<?xml version="1.0" encoding="utf-8" standalone="no"?>
<test-results xmlns:xsi="http://www.w3.org/2001/XMLSchema-instance" xsi:noNamespaceSchemaLocation="nunit_schema_2.5.xsd" name="Pester" total="849" errors="0" failures="0" not-run="0" inconclusive="0" ignored="0" skipped="0" invalid="0" date="2026-07-05" time="15:26:33">
  <environment clr-version="10.0.9" machine-name="BOUBLES" user-domain="BOUBLES" cwd="C:\Users\joaor\OneDrive\Documentos\Scripts" platform="Microsoft Windows 11 Pro|C:\WINDOWS|\Device\Harddisk2\Partition3" user="joaor" os-version="10.0.26100" nunit-version="2.5.8.0" />
  <culture-info current-culture="pt-PT" current-uiculture="en-GB" />
  <test-suite type="TestFixture" name="Pester" executed="True" result="Success" success="True" time="70.4504" asserts="0" description="Pester">
    <results>
      <test-suite type="TestFixture" name="C:\Users\joaor\OneDrive\Documentos\Scripts\Tests\Unit\Private\Assert-DMApiSuccess.Tests.ps1" executed="True" result="Success" success="True" time="1.219" asserts="0" description="C:\Users\joaor\OneDrive\Documentos\Scripts\Tests\Unit\Private\Assert-DMApiSuccess.Tests.ps1">
        <results>
          <test-suite type="TestFixture" name="Assert-DMApiSuccess" executed="True" result="Success" success="True" time="0.4711" asserts="0" description="Assert-DMApiSuccess">
            <results>
              <test-case description="passes the response through unchanged when error.Code is 0" name="Assert-DMApiSuccess.passes the response through unchanged when error.Code is 0" time="0.169" asserts="0" success="True" result="Success" executed="True" />
              <test-case description="passes a response through unchanged when it has no error property at all" name="Assert-DMApiSuccess.passes a response through unchanged when it has no error property at all" time="0.0165" asserts="0" success="True" result="Success" executed="True" />
              <test-case description="returns $null when given $null" name="Assert-DMApiSuccess.returns $null when given $null" time="0.0283" asserts="0" success="True" result="Success" executed="True" />
              <test-case description="accepts the response from the pipeline" name="Assert-DMApiSuccess.accepts the response from the pipeline" time="0.0163" asserts="0" success="True" result="Success" executed="True" />
              <test-case description="throws a terminating error with a descriptive message when error.Code is non-zero" name="Assert-DMApiSuccess.throws a terminating error with a descriptive message when error.Code is non-zero" time="0.0885" asserts="0" success="True" result="Success" executed="True" />
              <test-case description="throws with ErrorCategory InvalidOperation and a stable FullyQualifiedErrorId" name="Assert-DMApiSuccess.throws with ErrorCategory InvalidOperation and a stable FullyQualifiedErrorId" time="0.0367" asserts="0" success="True" result="Success" executed="True" />
              <test-case description="matches the message format used by Select-DMResponseData for consistency" name="Assert-DMApiSuccess.matches the message format used by Select-DMResponseData for consistency" time="0.0333" asserts="0" success="True" result="Success" executed="True" />
              <test-case description="includes the session-expiry hint for a mutation command hitting the known code" name="Assert-DMApiSuccess.includes the session-expiry hint for a mutation command hitting the known code" time="0.029" asserts="0" success="True" result="Success" executed="True" />
            </results>
          </test-suite>
        </results>
      </test-suite>
      <test-suite type="TestFixture" name="C:\Users\joaor\OneDrive\Documentos\Scripts\Tests\Unit\Private\Assert-DMValidFilterProperty.Tests.ps1" executed="True" result="Success" success="True" time="0.4688" asserts="0" description="C:\Users\joaor\OneDrive\Documentos\Scripts\Tests\Unit\Private\Assert-DMValidFilterProperty.Tests.ps1">
        <results>
          <test-suite type="TestFixture" name="Assert-DMValidFilterProperty" executed="True" result="Success" success="True" time="0.321" asserts="0" description="Assert-DMValidFilterProperty">
            <results>
              <test-case description="does not throw for a real, visible property" name="Assert-DMValidFilterProperty.does not throw for a real, visible property" time="0.0951" asserts="0" success="True" result="Success" executed="True" />
              <test-case description="does not throw for a real property with a space in its name" name="Assert-DMValidFilterProperty.does not throw for a real property with a space in its name" time="0.0317" asserts="0" success="True" result="Success" executed="True" />
              <test-case description="is case-insensitive, matching PowerShell property lookup semantics" name="Assert-DMValidFilterProperty.is case-insensitive, matching PowerShell property lookup semantics" time="0.0452" asserts="0" success="True" result="Success" executed="True" />
              <test-case description="throws a descriptive error for a property that does not exist" name="Assert-DMValidFilterProperty.throws a descriptive error for a property that does not exist" time="0.0386" asserts="0" success="True" result="Success" executed="True" />
              <test-case description="lists valid property names in the error message" name="Assert-DMValidFilterProperty.lists valid property names in the error message" time="0.0182" asserts="0" success="True" result="Success" executed="True" />
              <test-case description="rejects hidden class-internal properties, since they are not real REST filter fields" name="Assert-DMValidFilterProperty.rejects hidden class-internal properties, since they are not real REST filter fields" time="0.0805" asserts="0" success="True" result="Success" executed="True" />
            </results>
          </test-suite>
        </results>
      </test-suite>
      <test-suite type="TestFixture" name="C:\Users\joaor\OneDrive\Documentos\Scripts\Tests\Unit\Private\Classes.Core.Tests.ps1" executed="True" result="Success" success="True" time="0.7831" asserts="0" description="C:\Users\joaor\OneDrive\Documentos\Scripts\Tests\Unit\Private\Classes.Core.Tests.ps1">
        <results>
          <test-suite type="TestFixture" name="Core model classes" executed="True" result="Success" success="True" time="0.55" asserts="0" description="Core model classes">
            <results>
              <test-case description="maps alarm state and severity" name="Core model classes.maps alarm state and severity" time="0.1013" asserts="0" success="True" result="Success" executed="True" />
              <test-case description="creates a dtree model instance" name="Core model classes.creates a dtree model instance" time="0.0628" asserts="0" success="True" result="Success" executed="True" />
              <test-case description="deletes a dtree through Remove-DMDTree resolving the parent file system by ID" name="Core model classes.deletes a dtree through Remove-DMDTree resolving the parent file system by ID" time="0.049" asserts="0" success="True" result="Success" executed="True" />
              <test-case description="maps storage pool status and converts capacity to GB" name="Core model classes.maps storage pool status and converts capacity to GB" time="0.1669" asserts="0" success="True" result="Success" executed="True" />
              <test-case description="maps system key-value data" name="Core model classes.maps system key-value data" time="0.0437" asserts="0" success="True" result="Success" executed="True" />
              <test-case description="maps vStore identity and running status" name="Core model classes.maps vStore identity and running status" time="0.0613" asserts="0" success="True" result="Success" executed="True" />
              <test-case description="maps workload identity and policy values" name="Core model classes.maps workload identity and policy values" time="0.0438" asserts="0" success="True" result="Success" executed="True" />
            </results>
          </test-suite>
        </results>
      </test-suite>
      <test-suite type="TestFixture" name="C:\Users\joaor\OneDrive\Documentos\Scripts\Tests\Unit\Private\Classes.Hardware.Tests.ps1" executed="True" result="Success" success="True" time="1.3472" asserts="0" description="C:\Users\joaor\OneDrive\Documentos\Scripts\Tests\Unit\Private\Classes.Hardware.Tests.ps1">
        <results>
          <test-suite type="TestFixture" name="Hardware model classes" executed="True" result="Success" success="True" time="1.0704" asserts="0" description="Hardware model classes">
            <results>
              <test-case description="maps a battery backup unit and parsed label data" name="Hardware model classes.maps a battery backup unit and parsed label data" time="0.1066" asserts="0" success="True" result="Success" executed="True" />
              <test-case description="maps a controller and parsed label data" name="Hardware model classes.maps a controller and parsed label data" time="0.1277" asserts="0" success="True" result="Success" executed="True" />
              <test-case description="maps a disk and parsed label data" name="Hardware model classes.maps a disk and parsed label data" time="0.1192" asserts="0" success="True" result="Success" executed="True" />
              <test-case description="maps an enclosure and parsed label data" name="Hardware model classes.maps an enclosure and parsed label data" time="0.1019" asserts="0" success="True" result="Success" executed="True" />
              <test-case description="maps an interface module and parsed label data" name="Hardware model classes.maps an interface module and parsed label data" time="0.0886" asserts="0" success="True" result="Success" executed="True" />
              <test-case description="maps a bonded Ethernet port" name="Hardware model classes.maps a bonded Ethernet port" time="0.0406" asserts="0" success="True" result="Success" executed="True" />
              <test-case description="maps an Ethernet port" name="Hardware model classes.maps an Ethernet port" time="0.2115" asserts="0" success="True" result="Success" executed="True" />
              <test-case description="maps a fibre channel port" name="Hardware model classes.maps a fibre channel port" time="0.1018" asserts="0" success="True" result="Success" executed="True" />
              <test-case description="maps a SAS port" name="Hardware model classes.maps a SAS port" time="0.1181" asserts="0" success="True" result="Success" executed="True" />
              <test-case description="maps a VLAN interface" name="Hardware model classes.maps a VLAN interface" time="0.0358" asserts="0" success="True" result="Success" executed="True" />
            </results>
          </test-suite>
        </results>
      </test-suite>
      <test-suite type="TestFixture" name="C:\Users\joaor\OneDrive\Documentos\Scripts\Tests\Unit\Private\Classes.Host.Tests.ps1" executed="True" result="Success" success="True" time="0.7048" asserts="0" description="C:\Users\joaor\OneDrive\Documentos\Scripts\Tests\Unit\Private\Classes.Host.Tests.ps1">
        <results>
          <test-suite type="TestFixture" name="Host model classes" executed="True" result="Success" success="True" time="0.5184" asserts="0" description="Host model classes">
            <results>
              <test-case description="maps a host and its operating system" name="Host model classes.maps a host and its operating system" time="0.0794" asserts="0" success="True" result="Success" executed="True" />
              <test-case description="retrieves all supported path types from a host object" name="Host model classes.retrieves all supported path types from a host object" time="0.0757" asserts="0" success="True" result="Success" executed="True" />
              <test-case description="maps host group identity and mapping state" name="Host model classes.maps host group identity and mapping state" time="0.1132" asserts="0" success="True" result="Success" executed="True" />
              <test-case description="maps an active host link" name="Host model classes.maps an active host link" time="0.0758" asserts="0" success="True" result="Success" executed="True" />
              <test-case description="maps a fibre channel initiator" name="Host model classes.maps a fibre channel initiator" time="0.0588" asserts="0" success="True" result="Success" executed="True" />
              <test-case description="maps an iSCSI initiator and CHAP state" name="Host model classes.maps an iSCSI initiator and CHAP state" time="0.0647" asserts="0" success="True" result="Success" executed="True" />
              <test-case description="deletes host and host-group objects through their Remove-DM* commands" name="Host model classes.deletes host and host-group objects through their Remove-DM* commands" time="0.0298" asserts="0" success="True" result="Success" executed="True" />
            </results>
          </test-suite>
        </results>
      </test-suite>
      <test-suite type="TestFixture" name="C:\Users\joaor\OneDrive\Documentos\Scripts\Tests\Unit\Private\Classes.Storage.Tests.ps1" executed="True" result="Success" success="True" time="2.6115" asserts="0" description="C:\Users\joaor\OneDrive\Documentos\Scripts\Tests\Unit\Private\Classes.Storage.Tests.ps1">
        <results>
          <test-suite type="TestFixture" name="Storage and share model classes" executed="True" result="Success" success="True" time="2.2053" asserts="0" description="Storage and share model classes">
            <results>
              <test-case description="maps CIFS share policy flags" name="Storage and share model classes.maps CIFS share policy flags" time="0.0704" asserts="0" success="True" result="Success" executed="True" />
              <test-case description="maps a file system and converts capacity" name="Storage and share model classes.maps a file system and converts capacity" time="0.3652" asserts="0" success="True" result="Success" executed="True" />
              <test-case description="creates and retrieves snapshots from a file-system object" name="Storage and share model classes.creates and retrieves snapshots from a file-system object" time="0.0359" asserts="0" success="True" result="Success" executed="True" />
              <test-case description="deletes and rolls back a file-system snapshot object" name="Storage and share model classes.deletes and rolls back a file-system snapshot object" time="0.0815" asserts="0" success="True" result="Success" executed="True" />
              <test-case description="maps a LUN group" name="Storage and share model classes.maps a LUN group" time="0.0973" asserts="0" success="True" result="Success" executed="True" />
              <test-case description="renames host and group objects through their public commands" name="Storage and share model classes.renames host and group objects through their public commands" time="0.1323" asserts="0" success="True" result="Success" executed="True" />
              <test-case description="maps a version 3 LUN" name="Storage and share model classes.maps a version 3 LUN" time="0.2389" asserts="0" success="True" result="Success" executed="True" />
              <test-case description="maps a version 6 LUN" name="Storage and share model classes.maps a version 6 LUN" time="0.1933" asserts="0" success="True" result="Success" executed="True" />
              <test-case description="expands and renames from a version 6 LUN object" name="Storage and share model classes.expands and renames from a version 6 LUN object" time="0.0227" asserts="0" success="True" result="Success" executed="True" />
              <test-case description="updates Name on a version 6 LUN object when Rename-DMLun returns a List (production shape)" name="Storage and share model classes.updates Name on a version 6 LUN object when Rename-DMLun returns a List (production shape)" time="0.0107" asserts="0" success="True" result="Success" executed="True" />
              <test-case description="maps workload type name from a version 6 LUN that has a workload type assigned" name="Storage and share model classes.maps workload type name from a version 6 LUN that has a workload type assigned" time="0.0252" asserts="0" success="True" result="Success" executed="True" />
              <test-case description="leaves workload type name null on a version 6 LUN without a workload type" name="Storage and share model classes.leaves workload type name null on a version 6 LUN without a workload type" time="0.0096" asserts="0" success="True" result="Success" executed="True" />
              <test-case description="exposes unsupported modification methods on a version 3 LUN object" name="Storage and share model classes.exposes unsupported modification methods on a version 3 LUN object" time="0.0753" asserts="0" success="True" result="Success" executed="True" />
              <test-case description="expands and renames from a file-system object" name="Storage and share model classes.expands and renames from a file-system object" time="0.0444" asserts="0" success="True" result="Success" executed="True" />
              <test-case description="rejects a non-expanding file-system object capacity" name="Storage and share model classes.rejects a non-expanding file-system object capacity" time="0.0217" asserts="0" success="True" result="Success" executed="True" />
              <test-case description="creates a snapshot from a version 6 LUN object" name="Storage and share model classes.creates a snapshot from a version 6 LUN object" time="0.0423" asserts="0" success="True" result="Success" executed="True" />
              <test-case description="creates a snapshot with an automatically generated name from a version 6 LUN object" name="Storage and share model classes.creates a snapshot with an automatically generated name from a version 6 LUN object" time="0.023" asserts="0" success="True" result="Success" executed="True" />
              <test-case description="retrieves snapshots for a version 6 LUN object" name="Storage and share model classes.retrieves snapshots for a version 6 LUN object" time="0.0252" asserts="0" success="True" result="Success" executed="True" />
              <test-case description="deletes a LUN snapshot object and invalidates it after success" name="Storage and share model classes.deletes a LUN snapshot object and invalidates it after success" time="0.0685" asserts="0" success="True" result="Success" executed="True" />
              <test-case description="keeps a LUN snapshot object when deletion does not succeed" name="Storage and share model classes.keeps a LUN snapshot object when deletion does not succeed" time="0.0316" asserts="0" success="True" result="Success" executed="True" />
              <test-case description="activates a LUN snapshot object with both method spellings" name="Storage and share model classes.activates a LUN snapshot object with both method spellings" time="0.0275" asserts="0" success="True" result="Success" executed="True" />
              <test-case description="reactivates a LUN snapshot object" name="Storage and share model classes.reactivates a LUN snapshot object" time="0.0244" asserts="0" success="True" result="Success" executed="True" />
              <test-case description="expands a LUN snapshot object using sector capacity" name="Storage and share model classes.expands a LUN snapshot object using sector capacity" time="0.0333" asserts="0" success="True" result="Success" executed="True" />
              <test-case description="rolls back a LUN snapshot object with default and selected speed" name="Storage and share model classes.rolls back a LUN snapshot object with default and selected speed" time="0.0181" asserts="0" success="True" result="Success" executed="True" />
              <test-case description="creates a copy from a LUN snapshot object with the default name behavior" name="Storage and share model classes.creates a copy from a LUN snapshot object with the default name behavior" time="0.0273" asserts="0" success="True" result="Success" executed="True" />
              <test-case description="creates a named copy from a LUN snapshot object with a description" name="Storage and share model classes.creates a named copy from a LUN snapshot object with a description" time="0.023" asserts="0" success="True" result="Success" executed="True" />
              <test-case description="maps an NFS client access policy" name="Storage and share model classes.maps an NFS client access policy" time="0.0635" asserts="0" success="True" result="Success" executed="True" />
              <test-case description="maps an NFS share" name="Storage and share model classes.maps an NFS share" time="0.0645" asserts="0" success="True" result="Success" executed="True" />
              <test-case description="maps a logical interface" name="Storage and share model classes.maps a logical interface" time="0.113" asserts="0" success="True" result="Success" executed="True" />
              <test-case description="deletes a version 6 LUN through Remove-DMLun" name="Storage and share model classes.deletes a version 6 LUN through Remove-DMLun" time="0.0344" asserts="0" success="True" result="Success" executed="True" />
              <test-case description="throws when calling Delete() on a version 3 LUN object" name="Storage and share model classes.throws when calling Delete() on a version 3 LUN object" time="0.0254" asserts="0" success="True" result="Success" executed="True" />
              <test-case description="deletes a file system through Remove-DMFileSystem" name="Storage and share model classes.deletes a file system through Remove-DMFileSystem" time="0.0225" asserts="0" success="True" result="Success" executed="True" />
              <test-case description="deletes named objects through their Remove-DM* commands" name="Storage and share model classes.deletes named objects through their Remove-DM* commands" time="0.0497" asserts="0" success="True" result="Success" executed="True" />
              <test-case description="deletes an NFS share through Remove-DMNfsShare using its share path" name="Storage and share model classes.deletes an NFS share through Remove-DMNfsShare using its share path" time="0.0393" asserts="0" success="True" result="Success" executed="True" />
              <test-case description="deletes a CIFS share through Remove-DMCifsShare" name="Storage and share model classes.deletes a CIFS share through Remove-DMCifsShare" time="0.0153" asserts="0" success="True" result="Success" executed="True" />
            </results>
          </test-suite>
        </results>
      </test-suite>
      <test-suite type="TestFixture" name="C:\Users\joaor\OneDrive\Documentos\Scripts\Tests\Unit\Private\Classes.Views.Tests.ps1" executed="True" result="Success" success="True" time="1.4136" asserts="0" description="C:\Users\joaor\OneDrive\Documentos\Scripts\Tests\Unit\Private\Classes.Views.Tests.ps1">
        <results>
          <test-suite type="TestFixture" name="Session and view classes" executed="True" result="Success" success="True" time="1.2381" asserts="0" description="Session and view classes">
            <results>
              <test-case description="creates a session without resolving the system version" name="Session and view classes.creates a session without resolving the system version" time="0.0331" asserts="0" success="True" result="Success" executed="True" />
              <test-case description="creates a host view with retrieved paths" name="Session and view classes.creates a host view with retrieved paths" time="0.2997" asserts="0" success="True" result="Success" executed="True" />
              <test-case description="assembles a storage view from device manager queries" name="Session and view classes.assembles a storage view from device manager queries" time="0.9011" asserts="0" success="True" result="Success" executed="True" />
            </results>
          </test-suite>
        </results>
      </test-suite>
      <test-suite type="TestFixture" name="C:\Users\joaor\OneDrive\Documentos\Scripts\Tests\Unit\Private\DMPerformanceIndicatorMap.Tests.ps1" executed="True" result="Success" success="True" time="0.271" asserts="0" description="C:\Users\joaor\OneDrive\Documentos\Scripts\Tests\Unit\Private\DMPerformanceIndicatorMap.Tests.ps1">
        <results>
          <test-suite type="TestFixture" name="Get-DMPerformanceIndicatorMap" executed="True" result="Success" success="True" time="0.1181" asserts="0" description="Get-DMPerformanceIndicatorMap">
            <results>
              <test-case description="contains every friendly name expected by Phase 1" name="Get-DMPerformanceIndicatorMap.contains every friendly name expected by Phase 1" time="0.0196" asserts="0" success="True" result="Success" executed="True" />
              <test-case description="maps each entry to an integer Id and a non-empty Unit" name="Get-DMPerformanceIndicatorMap.maps each entry to an integer Id and a non-empty Unit" time="0.0724" asserts="0" success="True" result="Success" executed="True" />
              <test-case description="resolves known friendly names to their documented indicator IDs" name="Get-DMPerformanceIndicatorMap.resolves known friendly names to their documented indicator IDs" time="0.0082" asserts="0" success="True" result="Success" executed="True" />
              <test-case description="marks microsecond-sourced Ms variants with SourceUnit us" name="Get-DMPerformanceIndicatorMap.marks microsecond-sourced Ms variants with SourceUnit us" time="0.0034" asserts="0" success="True" result="Success" executed="True" />
              <test-case description="is queryable and returns a fresh copy on each call" name="Get-DMPerformanceIndicatorMap.is queryable and returns a fresh copy on each call" time="0.0109" asserts="0" success="True" result="Success" executed="True" />
            </results>
          </test-suite>
        </results>
      </test-suite>
      <test-suite type="TestFixture" name="C:\Users\joaor\OneDrive\Documentos\Scripts\Tests\Unit\Private\Get-DMApiErrorMessage.Tests.ps1" executed="True" result="Success" success="True" time="0.1886" asserts="0" description="C:\Users\joaor\OneDrive\Documentos\Scripts\Tests\Unit\Private\Get-DMApiErrorMessage.Tests.ps1">
        <results>
          <test-suite type="TestFixture" name="Get-DMApiErrorMessage" executed="True" result="Success" success="True" time="0.0905" asserts="0" description="Get-DMApiErrorMessage">
            <results>
              <test-case description="builds the plain message for an unknown code" name="Get-DMApiErrorMessage.builds the plain message for an unknown code" time="0.019" asserts="0" success="True" result="Success" executed="True" />
              <test-case description="appends the session-expiry hint for the known session-expired code" name="Get-DMApiErrorMessage.appends the session-expiry hint for the known session-expired code" time="0.018" asserts="0" success="True" result="Success" executed="True" />
              <test-case description="does not append a hint for a code not in the known table" name="Get-DMApiErrorMessage.does not append a hint for a code not in the known table" time="0.004" asserts="0" success="True" result="Success" executed="True" />
              <test-case description="inserts the resource context between the code and the description when supplied" name="Get-DMApiErrorMessage.inserts the resource context between the code and the description when supplied" time="0.0066" asserts="0" success="True" result="Success" executed="True" />
              <test-case description="includes both the resource context and the session-expiry hint together" name="Get-DMApiErrorMessage.includes both the resource context and the session-expiry hint together" time="0.0189" asserts="0" success="True" result="Success" executed="True" />
              <test-case description="tolerates an empty description" name="Get-DMApiErrorMessage.tolerates an empty description" time="0.0179" asserts="0" success="True" result="Success" executed="True" />
            </results>
          </test-suite>
        </results>
      </test-suite>
      <test-suite type="TestFixture" name="C:\Users\joaor\OneDrive\Documentos\Scripts\Tests\Unit\Private\Get-DMFilterableProperty.Tests.ps1" executed="True" result="Success" success="True" time="0.1469" asserts="0" description="C:\Users\joaor\OneDrive\Documentos\Scripts\Tests\Unit\Private\Get-DMFilterableProperty.Tests.ps1">
        <results>
          <test-suite type="TestFixture" name="Get-DMFilterableProperty" executed="True" result="Success" success="True" time="0.0357" asserts="0" description="Get-DMFilterableProperty">
            <results>
              <test-case description="returns real, visible properties including ones with spaces in their names" name="Get-DMFilterableProperty.returns real, visible properties including ones with spaces in their names" time="0.0059" asserts="0" success="True" result="Success" executed="True" />
              <test-case description="excludes hidden class-internal properties" name="Get-DMFilterableProperty.excludes hidden class-internal properties" time="0.0245" asserts="0" success="True" result="Success" executed="True" />
            </results>
          </test-suite>
        </results>
      </test-suite>
      <test-suite type="TestFixture" name="C:\Users\joaor\OneDrive\Documentos\Scripts\Tests\Unit\Private\Get-DMparsedElabel.Tests.ps1" executed="True" result="Success" success="True" time="0.1466" asserts="0" description="C:\Users\joaor\OneDrive\Documentos\Scripts\Tests\Unit\Private\Get-DMparsedElabel.Tests.ps1">
        <results>
          <test-suite type="TestFixture" name="Get-DMparsedElabel" executed="True" result="Success" success="True" time="0.0452" asserts="0" description="Get-DMparsedElabel">
            <results>
              <test-case description="returns supported label values from line-feed separated input" name="Get-DMparsedElabel.returns supported label values from line-feed separated input" time="0.015" asserts="0" success="True" result="Success" executed="True" />
              <test-case description="parses carriage-return line-feed separated input without retaining carriage returns" name="Get-DMparsedElabel.parses carriage-return line-feed separated input without retaining carriage returns" time="0.0198" asserts="0" success="True" result="Success" executed="True" />
              <test-case description="accepts the label input from the pipeline" name="Get-DMparsedElabel.accepts the label input from the pipeline" time="0.004" asserts="0" success="True" result="Success" executed="True" />
            </results>
          </test-suite>
        </results>
      </test-suite>
      <test-suite type="TestFixture" name="C:\Users\joaor\OneDrive\Documentos\Scripts\Tests\Unit\Private\Import-ReportTemplates.Tests.ps1" executed="True" result="Success" success="True" time="0.1653" asserts="0" description="C:\Users\joaor\OneDrive\Documentos\Scripts\Tests\Unit\Private\Import-ReportTemplates.Tests.ps1">
        <results>
          <test-suite type="TestFixture" name="Import-ReportTemplates.ps1" executed="True" result="Success" success="True" time="0.093" asserts="0" description="Import-ReportTemplates.ps1">
            <results>
              <test-case description="sets the default report template paths" name="Import-ReportTemplates.ps1.sets the default report template paths" time="0.0883" asserts="0" success="True" result="Success" executed="True" />
            </results>
          </test-suite>
        </results>
      </test-suite>
      <test-suite type="TestFixture" name="C:\Users\joaor\OneDrive\Documentos\Scripts\Tests\Unit\Private\Invoke-DeviceManager.Tests.ps1" executed="True" result="Success" success="True" time="1.0432" asserts="0" description="C:\Users\joaor\OneDrive\Documentos\Scripts\Tests\Unit\Private\Invoke-DeviceManager.Tests.ps1">
        <results>
          <test-suite type="TestFixture" name="Invoke-DeviceManager" executed="True" result="Success" success="True" time="0.9137" asserts="0" description="Invoke-DeviceManager">
            <results>
              <test-case description="builds the REST request using the supplied session" name="Invoke-DeviceManager.builds the REST request using the supplied session" time="0.209" asserts="0" success="True" result="Success" executed="True" />
              <test-case description="passes SkipCertificateCheck only when the session opts in" name="Invoke-DeviceManager.passes SkipCertificateCheck only when the session opts in" time="0.0453" asserts="0" success="True" result="Success" executed="True" />
              <test-case description="uses the module-scoped CurrentOceanstorSession session when WebSession is omitted" name="Invoke-DeviceManager.uses the module-scoped CurrentOceanstorSession session when WebSession is omitted" time="0.0604" asserts="0" success="True" result="Success" executed="True" />
              <test-case description="serializes BodyData as JSON for a request with a body" name="Invoke-DeviceManager.serializes BodyData as JSON for a request with a body" time="0.0828" asserts="0" success="True" result="Success" executed="True" />
              <test-case description="forwards TimeoutSec when supplied" name="Invoke-DeviceManager.forwards TimeoutSec when supplied" time="0.0763" asserts="0" success="True" result="Success" executed="True" />
              <test-case description="builds API v2 requests for protection group resources" name="Invoke-DeviceManager.builds API v2 requests for protection group resources" time="0.0454" asserts="0" success="True" result="Success" executed="True" />
              <test-case description="throws a clear error when no session is available" name="Invoke-DeviceManager.throws a clear error when no session is available" time="0.0407" asserts="0" success="True" result="Success" executed="True" />
              <test-case description="converts a raw string response with case-conflicting JSON keys to a PSCustomObject" name="Invoke-DeviceManager.converts a raw string response with case-conflicting JSON keys to a PSCustomObject" time="0.0618" asserts="0" success="True" result="Success" executed="True" />
              <test-case description="falls back to Invoke-WebRequest and normalises case-conflicting JSON keys (message path)" name="Invoke-DeviceManager.falls back to Invoke-WebRequest and normalises case-conflicting JSON keys (message path)" time="0.1045" asserts="0" success="True" result="Success" executed="True" />
              <test-case description="falls back to Invoke-WebRequest when FullyQualifiedErrorId matches WebCmdletCannotConvertContentException" name="Invoke-DeviceManager.falls back to Invoke-WebRequest when FullyQualifiedErrorId matches WebCmdletCannotConvertContentException" time="0.0713" asserts="0" success="True" result="Success" executed="True" />
              <test-case description="returns REST error responses so callers can report failures and perform cleanup" name="Invoke-DeviceManager.returns REST error responses so callers can report failures and perform cleanup" time="0.0478" asserts="0" success="True" result="Success" executed="True" />
              <test-case description="emits opt-in REST trace records and redacts sensitive request values" name="Invoke-DeviceManager.emits opt-in REST trace records and redacts sensitive request values" time="0.0639" asserts="0" success="True" result="Success" executed="True" />
            </results>
          </test-suite>
        </results>
      </test-suite>
      <test-suite type="TestFixture" name="C:\Users\joaor\OneDrive\Documentos\Scripts\Tests\Unit\Private\Invoke-DMPagedRequest.Tests.ps1" executed="True" result="Success" success="True" time="0.7001" asserts="0" description="C:\Users\joaor\OneDrive\Documentos\Scripts\Tests\Unit\Private\Invoke-DMPagedRequest.Tests.ps1">
        <results>
          <test-suite type="TestFixture" name="Invoke-DMPagedRequest" executed="True" result="Success" success="True" time="0.5399" asserts="0" description="Invoke-DMPagedRequest">
            <results>
              <test-case description="returns all items from a single page when the collection is smaller than PageSize" name="Invoke-DMPagedRequest.returns all items from a single page when the collection is smaller than PageSize" time="0.0488" asserts="0" success="True" result="Success" executed="True" />
              <test-case description="requests subsequent pages when the first page is full" name="Invoke-DMPagedRequest.requests subsequent pages when the first page is full" time="0.0542" asserts="0" success="True" result="Success" executed="True" />
              <test-case description="appends range with ? when resource has no existing query parameters" name="Invoke-DMPagedRequest.appends range with ? when resource has no existing query parameters" time="0.0572" asserts="0" success="True" result="Success" executed="True" />
              <test-case description="appends range with &amp; when resource already has query parameters" name="Invoke-DMPagedRequest.appends range with &amp; when resource already has query parameters" time="0.0159" asserts="0" success="True" result="Success" executed="True" />
              <test-case description="requests the correct range on each page" name="Invoke-DMPagedRequest.requests the correct range on each page" time="0.0594" asserts="0" success="True" result="Success" executed="True" />
              <test-case description="returns an empty array when the collection is empty" name="Invoke-DMPagedRequest.returns an empty array when the collection is empty" time="0.0257" asserts="0" success="True" result="Success" executed="True" />
              <test-case description="throws a descriptive error when the API reports a failure" name="Invoke-DMPagedRequest.throws a descriptive error when the API reports a failure" time="0.0281" asserts="0" success="True" result="Success" executed="True" />
              <test-case description="falls back to an unpaged request when the array rejects the range parameter" name="Invoke-DMPagedRequest.falls back to an unpaged request when the array rejects the range parameter" time="0.0387" asserts="0" success="True" result="Success" executed="True" />
              <test-case description="throws the unpaged error when the range fallback also fails" name="Invoke-DMPagedRequest.throws the unpaged error when the range fallback also fails" time="0.0327" asserts="0" success="True" result="Success" executed="True" />
              <test-case description="does not throw when the response has no error property at all" name="Invoke-DMPagedRequest.does not throw when the response has no error property at all" time="0.0331" asserts="0" success="True" result="Success" executed="True" />
              <test-case description="forwards -ApiV2 to Invoke-DeviceManager on the paged request" name="Invoke-DMPagedRequest.forwards -ApiV2 to Invoke-DeviceManager on the paged request" time="0.0149" asserts="0" success="True" result="Success" executed="True" />
              <test-case description="forwards TimeoutSec to Invoke-DeviceManager on paged requests" name="Invoke-DMPagedRequest.forwards TimeoutSec to Invoke-DeviceManager on paged requests" time="0.0268" asserts="0" success="True" result="Success" executed="True" />
              <test-case description="forwards -ApiV2 to Invoke-DeviceManager on the unpaged fallback request" name="Invoke-DMPagedRequest.forwards -ApiV2 to Invoke-DeviceManager on the unpaged fallback request" time="0.0533" asserts="0" success="True" result="Success" executed="True" />
              <test-case description="stops when a ranged endpoint repeats the same full page" name="Invoke-DMPagedRequest.stops when a ranged endpoint repeats the same full page" time="0.0459" asserts="0" success="True" result="Success" executed="True" />
            </results>
          </test-suite>
        </results>
      </test-suite>
      <test-suite type="TestFixture" name="C:\Users\joaor\OneDrive\Documentos\Scripts\Tests\Unit\Private\ModuleInventory.Tests.ps1" executed="True" result="Success" success="True" time="0.2989" asserts="0" description="C:\Users\joaor\OneDrive\Documentos\Scripts\Tests\Unit\Private\ModuleInventory.Tests.ps1">
        <results>
          <test-suite type="TestFixture" name="Command inventory" executed="True" result="Success" success="True" time="0.0864" asserts="0" description="Command inventory">
            <results>
              <test-case description="every Public command file is declared in FunctionsToExport" name="Command inventory.every Public command file is declared in FunctionsToExport" time="0.031" asserts="0" success="True" result="Success" executed="True" />
              <test-case description="every FunctionsToExport entry has a matching Public command file" name="Command inventory.every FunctionsToExport entry has a matching Public command file" time="0.0522" asserts="0" success="True" result="Success" executed="True" />
            </results>
          </test-suite>
          <test-suite type="TestFixture" name="Class inventory" executed="True" result="Success" success="True" time="0.1677" asserts="0" description="Class inventory">
            <results>
              <test-case description="every class file is declared in Tests/ModuleCoverage.psd1" name="Class inventory.every class file is declared in Tests/ModuleCoverage.psd1" time="0.0413" asserts="0" success="True" result="Success" executed="True" />
              <test-case description="every ModuleCoverage.psd1 Classes entry has a matching class file" name="Class inventory.every ModuleCoverage.psd1 Classes entry has a matching class file" time="0.0323" asserts="0" success="True" result="Success" executed="True" />
            </results>
          </test-suite>
        </results>
      </test-suite>
      <test-suite type="TestFixture" name="C:\Users\joaor\OneDrive\Documentos\Scripts\Tests\Unit\Private\New-DMObjectReport.Tests.ps1" executed="True" result="Success" success="True" time="0.2392" asserts="0" description="C:\Users\joaor\OneDrive\Documentos\Scripts\Tests\Unit\Private\New-DMObjectReport.Tests.ps1">
        <results>
          <test-suite type="TestFixture" name="New-DMObjectReport" executed="True" result="Success" success="True" time="0.1012" asserts="0" description="New-DMObjectReport">
            <results>
              <test-case description="creates report rows with enabled properties in template order" name="New-DMObjectReport.creates report rows with enabled properties in template order" time="0.0729" asserts="0" success="True" result="Success" executed="True" />
              <test-case description="uses a custom XML template when ReportTemplate is provided" name="New-DMObjectReport.uses a custom XML template when ReportTemplate is provided" time="0.023" asserts="0" success="True" result="Success" executed="True" />
            </results>
          </test-suite>
        </results>
      </test-suite>
      <test-suite type="TestFixture" name="C:\Users\joaor\OneDrive\Documentos\Scripts\Tests\Unit\Private\Test-IPv4Address.Tests.ps1" executed="True" result="Success" success="True" time="0.256" asserts="0" description="C:\Users\joaor\OneDrive\Documentos\Scripts\Tests\Unit\Private\Test-IPv4Address.Tests.ps1">
        <results>
          <test-suite type="TestFixture" name="Test-IPv4Address" executed="True" result="Success" success="True" time="0.0533" asserts="0" description="Test-IPv4Address">
            <results>
              <test-case description="returns true for a valid IPv4 address" name="Test-IPv4Address.returns true for a valid IPv4 address" time="0.0178" asserts="0" success="True" result="Success" executed="True" />
              <test-case description="returns false for an address with an octet greater than 255" name="Test-IPv4Address.returns false for an address with an octet greater than 255" time="0.0144" asserts="0" success="True" result="Success" executed="True" />
              <test-case description="accepts IPv4 input from the pipeline" name="Test-IPv4Address.accepts IPv4 input from the pipeline" time="0.0148" asserts="0" success="True" result="Success" executed="True" />
            </results>
          </test-suite>
        </results>
      </test-suite>
      <test-suite type="TestFixture" name="C:\Users\joaor\OneDrive\Documentos\Scripts\Tests\Unit\Private\Test-ModuleRequirements.Tests.ps1" executed="True" result="Success" success="True" time="1.7726" asserts="0" description="C:\Users\joaor\OneDrive\Documentos\Scripts\Tests\Unit\Private\Test-ModuleRequirements.Tests.ps1">
        <results>
          <test-suite type="TestFixture" name="Test-ModuleRequirements.ps1" executed="True" result="Success" success="True" time="1.6786" asserts="0" description="Test-ModuleRequirements.ps1">
            <results>
              <test-case description="continues without output when ImportExcel is available" name="Test-ModuleRequirements.ps1.continues without output when ImportExcel is available" time="0.7119" asserts="0" success="True" result="Success" executed="True" />
              <test-case description="throws with installation guidance when ImportExcel is unavailable" name="Test-ModuleRequirements.ps1.throws with installation guidance when ImportExcel is unavailable" time="0.923" asserts="0" success="True" result="Success" executed="True" />
            </results>
          </test-suite>
        </results>
      </test-suite>
      <test-suite type="TestFixture" name="C:\Users\joaor\OneDrive\Documentos\Scripts\Tests\Unit\Private\Test-WWNAddress.Tests.ps1" executed="True" result="Success" success="True" time="0.1475" asserts="0" description="C:\Users\joaor\OneDrive\Documentos\Scripts\Tests\Unit\Private\Test-WWNAddress.Tests.ps1">
        <results>
          <test-suite type="TestFixture" name="Test-WWNAddress" executed="True" result="Success" success="True" time="0.0485" asserts="0" description="Test-WWNAddress">
            <results>
              <test-case description="accepts a valid Fibre Channel WWN" name="Test-WWNAddress.accepts a valid Fibre Channel WWN" time="0.0033" asserts="0" success="True" result="Success" executed="True" />
              <test-case description="resolves the Validate-WWNAddress compatibility alias" name="Test-WWNAddress.resolves the Validate-WWNAddress compatibility alias" time="0.0074" asserts="0" success="True" result="Success" executed="True" />
              <test-suite type="ParameterizedTest" name="Test-WWNAddress.rejects invalid or prohibited WWNs" executed="True" result="Success" success="True" time="0.0328" asserts="0" description="rejects invalid or prohibited WWNs">
                <results>
                  <test-case description="rejects invalid or prohibited WWNs" name="Test-WWNAddress.rejects invalid or prohibited WWNs(&quot;10000090FA12345&quot;)" time="0.0177" asserts="0" success="True" result="Success" executed="True" />
                  <test-case description="rejects invalid or prohibited WWNs" name="Test-WWNAddress.rejects invalid or prohibited WWNs(&quot;10000090FA12345G&quot;)" time="0.0046" asserts="0" success="True" result="Success" executed="True" />
                  <test-case description="rejects invalid or prohibited WWNs" name="Test-WWNAddress.rejects invalid or prohibited WWNs(&quot;0000000000000000&quot;)" time="0.0029" asserts="0" success="True" result="Success" executed="True" />
                  <test-case description="rejects invalid or prohibited WWNs" name="Test-WWNAddress.rejects invalid or prohibited WWNs(&quot;FFFFFFFFFFFFFFFF&quot;)" time="0.0076" asserts="0" success="True" result="Success" executed="True" />
                </results>
              </test-suite>
            </results>
          </test-suite>
        </results>
      </test-suite>
      <test-suite type="TestFixture" name="C:\Users\joaor\OneDrive\Documentos\Scripts\Tests\Unit\Private\ValidationHelpers.Tests.ps1" executed="True" result="Success" success="True" time="0.7769" asserts="0" description="C:\Users\joaor\OneDrive\Documentos\Scripts\Tests\Unit\Private\ValidationHelpers.Tests.ps1">
        <results>
          <test-suite type="TestFixture" name="ValidationHelpers ownership tracking" executed="True" result="Success" success="True" time="0.5621" asserts="0" description="ValidationHelpers ownership tracking">
            <results>
              <test-suite type="TestFixture" name="ValidationHelpers ownership tracking.Register/Assert/Complete-TestOwnedResource" executed="True" result="Success" success="True" time="0.0888" asserts="0" description="ValidationHelpers ownership tracking.Register/Assert/Complete-TestOwnedResource">
                <results>
                  <test-case description="registers and asserts an owned resource without throwing" name="ValidationHelpers ownership tracking.Register/Assert/Complete-TestOwnedResource.registers and asserts an owned resource without throwing" time="0.0353" asserts="0" success="True" result="Success" executed="True" />
                  <test-case description="throws when asserting an identity that was never registered" name="ValidationHelpers ownership tracking.Register/Assert/Complete-TestOwnedResource.throws when asserting an identity that was never registered" time="0.0277" asserts="0" success="True" result="Success" executed="True" />
                  <test-case description="removes ownership on Complete-TestOwnedResource" name="ValidationHelpers ownership tracking.Register/Assert/Complete-TestOwnedResource.removes ownership on Complete-TestOwnedResource" time="0.022" asserts="0" success="True" result="Success" executed="True" />
                </results>
              </test-suite>
              <test-suite type="TestFixture" name="ValidationHelpers ownership tracking.Update-TestOwnedResourceIdentity" executed="True" result="Success" success="True" time="0.1728" asserts="0" description="ValidationHelpers ownership tracking.Update-TestOwnedResourceIdentity">
                <results>
                  <test-case description="transfers ownership from the old identity to the new identity" name="ValidationHelpers ownership tracking.Update-TestOwnedResourceIdentity.transfers ownership from the old identity to the new identity" time="0.0168" asserts="0" success="True" result="Success" executed="True" />
                  <test-case description="throws and leaves ownership unchanged when the old identity is not owned" name="ValidationHelpers ownership tracking.Update-TestOwnedResourceIdentity.throws and leaves ownership unchanged when the old identity is not owned" time="0.0317" asserts="0" success="True" result="Success" executed="True" />
                  <test-case description="throws and leaves ownership unchanged when the new identity is already registered" name="ValidationHelpers ownership tracking.Update-TestOwnedResourceIdentity.throws and leaves ownership unchanged when the new identity is already registered" time="0.0327" asserts="0" success="True" result="Success" executed="True" />
                </results>
              </test-suite>
              <test-suite type="TestFixture" name="ValidationHelpers ownership tracking.Invoke-OwnedRemoval" executed="True" result="Success" success="True" time="0.3096" asserts="0" description="ValidationHelpers ownership tracking.Invoke-OwnedRemoval">
                <results>
                  <test-case description="does not invoke the removal action when the identity is not owned" name="ValidationHelpers ownership tracking.Invoke-OwnedRemoval.does not invoke the removal action when the identity is not owned" time="0.0063" asserts="0" success="True" result="Success" executed="True" />
                  <test-case description="clears ownership when the removal action succeeds" name="ValidationHelpers ownership tracking.Invoke-OwnedRemoval.clears ownership when the removal action succeeds" time="0.0929" asserts="0" success="True" result="Success" executed="True" />
                  <test-case description="leaves ownership intact when the removal action throws" name="ValidationHelpers ownership tracking.Invoke-OwnedRemoval.leaves ownership intact when the removal action throws" time="0.0345" asserts="0" success="True" result="Success" executed="True" />
                </results>
              </test-suite>
              <test-suite type="TestFixture" name="ValidationHelpers ownership tracking.Rename, dependent-step failure, and cleanup ordering" executed="True" result="Success" success="True" time="0.372" asserts="0" description="ValidationHelpers ownership tracking.Rename, dependent-step failure, and cleanup ordering">
                <results>
                  <test-case description="still cleans up under the renamed identity after a read-back failure between rename and cleanup" name="ValidationHelpers ownership tracking.Rename, dependent-step failure, and cleanup ordering.still cleans up under the renamed identity after a read-back failure between rename and cleanup" time="0.0537" asserts="0" success="True" result="Success" executed="True" />
                </results>
              </test-suite>
              <test-suite type="TestFixture" name="ValidationHelpers ownership tracking.getter integrity run logging" executed="True" result="Success" success="True" time="0.5556" asserts="0" description="ValidationHelpers ownership tracking.getter integrity run logging">
                <results>
                  <test-case description="creates a realtime log row before the validation action finishes" name="ValidationHelpers ownership tracking.getter integrity run logging.creates a realtime log row before the validation action finishes" time="0.1396" asserts="0" success="True" result="Success" executed="True" />
                  <test-case description="falls back to the validation name when no command can be parsed from the action" name="ValidationHelpers ownership tracking.getter integrity run logging.falls back to the validation name when no command can be parsed from the action" time="0.04" asserts="0" success="True" result="Success" executed="True" />
                </results>
              </test-suite>
            </results>
          </test-suite>
        </results>
      </test-suite>
      <test-suite type="TestFixture" name="C:\Users\joaor\OneDrive\Documentos\Scripts\Tests\Unit\Private\Write-DMError.Tests.ps1" executed="True" result="Success" success="True" time="0.2111" asserts="0" description="C:\Users\joaor\OneDrive\Documentos\Scripts\Tests\Unit\Private\Write-DMError.Tests.ps1">
        <results>
          <test-suite type="TestFixture" name="Write-DMError" executed="True" result="Success" success="True" time="0.0627" asserts="0" description="Write-DMError">
            <results>
              <test-case description="writes the session error details as warnings" name="Write-DMError.writes the session error details as warnings" time="0.0279" asserts="0" success="True" result="Success" executed="True" />
              <test-case description="accepts a session error from the pipeline" name="Write-DMError.accepts a session error from the pipeline" time="0.031" asserts="0" success="True" result="Success" executed="True" />
            </results>
          </test-suite>
        </results>
      </test-suite>
      <test-suite type="TestFixture" name="C:\Users\joaor\OneDrive\Documentos\Scripts\Tests\Unit\Public\Add-DMHostToHostGroup.Tests.ps1" executed="True" result="Success" success="True" time="0.6666" asserts="0" description="C:\Users\joaor\OneDrive\Documentos\Scripts\Tests\Unit\Public\Add-DMHostToHostGroup.Tests.ps1">
        <results>
          <test-suite type="TestFixture" name="Add-DMHostToHostGroup" executed="True" result="Success" success="True" time="0.4592" asserts="0" description="Add-DMHostToHostGroup">
            <results>
              <test-case description="associates a host with a host group and calls the API exactly once" name="Add-DMHostToHostGroup.associates a host with a host group and calls the API exactly once" time="0.1434" asserts="0" success="True" result="Success" executed="True" />
              <test-case description="resolves the host by name only once per invocation (no redundant API round-trip)" name="Add-DMHostToHostGroup.resolves the host by name only once per invocation (no redundant API round-trip)" time="0.0444" asserts="0" success="True" result="Success" executed="True" />
              <test-case description="calls Get-DMhostGroup only once per invocation (no redundant API round-trip)" name="Add-DMHostToHostGroup.calls Get-DMhostGroup only once per invocation (no redundant API round-trip)" time="0.0386" asserts="0" success="True" result="Success" executed="True" />
              <test-case description="does not call the API when WhatIf is specified" name="Add-DMHostToHostGroup.does not call the API when WhatIf is specified" time="0.0339" asserts="0" success="True" result="Success" executed="True" />
              <test-case description="reports a non-terminating error for a host name that does not exist" name="Add-DMHostToHostGroup.reports a non-terminating error for a host name that does not exist" time="0.0464" asserts="0" success="True" result="Success" executed="True" />
              <test-case description="reports a non-terminating error for a host group name that does not exist" name="Add-DMHostToHostGroup.reports a non-terminating error for a host group name that does not exist" time="0.0313" asserts="0" success="True" result="Success" executed="True" />
              <test-case description="includes vstoreId in the body when VstoreId is specified" name="Add-DMHostToHostGroup.includes vstoreId in the body when VstoreId is specified" time="0.0344" asserts="0" success="True" result="Success" executed="True" />
              <test-case description="associates every host piped in, not just the last one" name="Add-DMHostToHostGroup.associates every host piped in, not just the last one" time="0.0832" asserts="0" success="True" result="Success" executed="True" />
            </results>
          </test-suite>
        </results>
      </test-suite>
      <test-suite type="TestFixture" name="C:\Users\joaor\OneDrive\Documentos\Scripts\Tests\Unit\Public\Add-DMPortToPortGroup.Tests.ps1" executed="True" result="Success" success="True" time="0.5765" asserts="0" description="C:\Users\joaor\OneDrive\Documentos\Scripts\Tests\Unit\Public\Add-DMPortToPortGroup.Tests.ps1">
        <results>
          <test-suite type="TestFixture" name="Add-DMPortToPortGroup" executed="True" result="Success" success="True" time="0.3925" asserts="0" description="Add-DMPortToPortGroup">
            <results>
              <test-case description="associates a port with a port group and calls the API exactly once" name="Add-DMPortToPortGroup.associates a port with a port group and calls the API exactly once" time="0.13" asserts="0" success="True" result="Success" executed="True" />
              <test-case description="calls Get-DMPortGroup only once per invocation (no redundant API round-trip)" name="Add-DMPortToPortGroup.calls Get-DMPortGroup only once per invocation (no redundant API round-trip)" time="0.0388" asserts="0" success="True" result="Success" executed="True" />
              <test-case description="calls Get-DMPortGroupCandidate only once per invocation (no redundant API round-trip)" name="Add-DMPortToPortGroup.calls Get-DMPortGroupCandidate only once per invocation (no redundant API round-trip)" time="0.0366" asserts="0" success="True" result="Success" executed="True" />
              <test-case description="does not call the API when WhatIf is specified" name="Add-DMPortToPortGroup.does not call the API when WhatIf is specified" time="0.0321" asserts="0" success="True" result="Success" executed="True" />
              <test-case description="reports a non-terminating error for a port group name that does not exist" name="Add-DMPortToPortGroup.reports a non-terminating error for a port group name that does not exist" time="0.0183" asserts="0" success="True" result="Success" executed="True" />
              <test-case description="reports a non-terminating error for a port name that does not exist for the given type" name="Add-DMPortToPortGroup.reports a non-terminating error for a port name that does not exist for the given type" time="0.0287" asserts="0" success="True" result="Success" executed="True" />
              <test-case description="includes vstoreId in the body when VstoreId is specified" name="Add-DMPortToPortGroup.includes vstoreId in the body when VstoreId is specified" time="0.0368" asserts="0" success="True" result="Success" executed="True" />
              <test-case description="associates every port piped in, not just the last one" name="Add-DMPortToPortGroup.associates every port piped in, not just the last one" time="0.0661" asserts="0" success="True" result="Success" executed="True" />
            </results>
          </test-suite>
        </results>
      </test-suite>
      <test-suite type="TestFixture" name="C:\Users\joaor\OneDrive\Documentos\Scripts\Tests\Unit\Public\Connect-deviceManager.Tests.ps1" executed="True" result="Success" success="True" time="0.8454" asserts="0" description="C:\Users\joaor\OneDrive\Documentos\Scripts\Tests\Unit\Public\Connect-deviceManager.Tests.ps1">
        <results>
          <test-suite type="TestFixture" name="Connect-deviceManager" executed="True" result="Success" success="True" time="0.6621" asserts="0" description="Connect-deviceManager">
            <results>
              <test-case description="creates and returns a connection by prompting for credentials by default" name="Connect-deviceManager.creates and returns a connection by prompting for credentials by default" time="0.176" asserts="0" success="True" result="Success" executed="True" />
              <test-case description="keeps the Secure switch as a credential-prompt compatibility path" name="Connect-deviceManager.keeps the Secure switch as a credential-prompt compatibility path" time="0.0391" asserts="0" success="True" result="Success" executed="True" />
              <test-case description="creates a connection using a PSCredential for unattended operation" name="Connect-deviceManager.creates a connection using a PSCredential for unattended operation" time="0.0367" asserts="0" success="True" result="Success" executed="True" />
              <test-case description="records and uses SkipCertificateCheck only when explicitly requested" name="Connect-deviceManager.records and uses SkipCertificateCheck only when explicitly requested" time="0.0571" asserts="0" success="True" result="Success" executed="True" />
              <test-case description="creates a connection using a SecureString password" name="Connect-deviceManager.creates a connection using a SecureString password" time="0.0469" asserts="0" success="True" result="Success" executed="True" />
              <test-case description="accepts the legacy -Return alias for backward compatibility" name="Connect-deviceManager.accepts the legacy -Return alias for backward compatibility" time="0.0383" asserts="0" success="True" result="Success" executed="True" />
              <test-case description="stores the connection in the module-scoped CurrentOceanstorSession variable by default" name="Connect-deviceManager.stores the connection in the module-scoped CurrentOceanstorSession variable by default" time="0.048" asserts="0" success="True" result="Success" executed="True" />
              <test-case description="closes the previous cached session before replacing it" name="Connect-deviceManager.closes the previous cached session before replacing it" time="0.0829" asserts="0" success="True" result="Success" executed="True" />
              <test-case description="still replaces the cached session when closing the previous one fails" name="Connect-deviceManager.still replaces the cached session when closing the previous one fails" time="0.0768" asserts="0" success="True" result="Success" executed="True" />
              <test-case description="does not attempt to close a session when none exists yet" name="Connect-deviceManager.does not attempt to close a session when none exists yet" time="0.0557" asserts="0" success="True" result="Success" executed="True" />
            </results>
          </test-suite>
        </results>
      </test-suite>
      <test-suite type="TestFixture" name="C:\Users\joaor\OneDrive\Documentos\Scripts\Tests\Unit\Public\Disable-DMPerformanceMonitoring.Tests.ps1" executed="True" result="Success" success="True" time="0.15" asserts="0" description="C:\Users\joaor\OneDrive\Documentos\Scripts\Tests\Unit\Public\Disable-DMPerformanceMonitoring.Tests.ps1">
        <results>
          <test-suite type="TestFixture" name="Disable-DMPerformanceMonitoring" executed="True" result="Success" success="True" time="0.0362" asserts="0" description="Disable-DMPerformanceMonitoring">
            <results>
              <test-case description="PUTs performance_statistic_switch with CMO_PERFORMANCE_SWITCH = 0" name="Disable-DMPerformanceMonitoring.PUTs performance_statistic_switch with CMO_PERFORMANCE_SWITCH = 0" time="0.0228" asserts="0" success="True" result="Success" executed="True" />
              <test-case description="does not call Invoke-DeviceManager under -WhatIf" name="Disable-DMPerformanceMonitoring.does not call Invoke-DeviceManager under -WhatIf" time="0.0097" asserts="0" success="True" result="Success" executed="True" />
            </results>
          </test-suite>
        </results>
      </test-suite>
      <test-suite type="TestFixture" name="C:\Users\joaor\OneDrive\Documentos\Scripts\Tests\Unit\Public\Disconnect-and-NAS-creation.Tests.ps1" executed="True" result="Success" success="True" time="0.9073" asserts="0" description="C:\Users\joaor\OneDrive\Documentos\Scripts\Tests\Unit\Public\Disconnect-and-NAS-creation.Tests.ps1">
        <results>
          <test-suite type="TestFixture" name="Disconnect-deviceManager" executed="True" result="Success" success="True" time="0.1864" asserts="0" description="Disconnect-deviceManager">
            <results>
              <test-case description="issues a DELETE to the sessions resource" name="Disconnect-deviceManager.issues a DELETE to the sessions resource" time="0.0781" asserts="0" success="True" result="Success" executed="True" />
              <test-case description="clears the module-scoped CurrentOceanstorSession variable when no WebSession is supplied" name="Disconnect-deviceManager.clears the module-scoped CurrentOceanstorSession variable when no WebSession is supplied" time="0.0197" asserts="0" success="True" result="Success" executed="True" />
              <test-case description="does not clear the cached session when WebSession is supplied explicitly" name="Disconnect-deviceManager.does not clear the cached session when WebSession is supplied explicitly" time="0.0272" asserts="0" success="True" result="Success" executed="True" />
              <test-case description="throws when no session is available" name="Disconnect-deviceManager.throws when no session is available" time="0.0107" asserts="0" success="True" result="Success" executed="True" />
              <test-case description="throws on a non-zero API error code" name="Disconnect-deviceManager.throws on a non-zero API error code" time="0.0479" asserts="0" success="True" result="Success" executed="True" />
            </results>
          </test-suite>
          <test-suite type="TestFixture" name="New-DMnfsShare" executed="True" result="Success" success="True" time="0.3372" asserts="0" description="New-DMnfsShare">
            <results>
              <test-case description="creates an NFS share with the correct API call" name="New-DMnfsShare.creates an NFS share with the correct API call" time="0.1052" asserts="0" success="True" result="Success" executed="True" />
              <test-case description="includes dTree ID when supplied" name="New-DMnfsShare.includes dTree ID when supplied" time="0.0211" asserts="0" success="True" result="Success" executed="True" />
              <test-case description="throws a descriptive error on failure" name="New-DMnfsShare.throws a descriptive error on failure" time="0.0211" asserts="0" success="True" result="Success" executed="True" />
            </results>
          </test-suite>
          <test-suite type="TestFixture" name="New-DMnfsClient" executed="True" result="Success" success="True" time="0.4942" asserts="0" description="New-DMnfsClient">
            <results>
              <test-case description="creates an NFS client with default read-only permission" name="New-DMnfsClient.creates an NFS client with default read-only permission" time="0.1099" asserts="0" success="True" result="Success" executed="True" />
              <test-case description="creates an NFS client with read-write and no-root-squash" name="New-DMnfsClient.creates an NFS client with read-write and no-root-squash" time="0.0158" asserts="0" success="True" result="Success" executed="True" />
              <test-case description="includes vStore ID when supplied" name="New-DMnfsClient.includes vStore ID when supplied" time="0.0256" asserts="0" success="True" result="Success" executed="True" />
            </results>
          </test-suite>
          <test-suite type="TestFixture" name="Set-DMdnsServer" executed="True" result="Success" success="True" time="0.6125" asserts="0" description="Set-DMdnsServer">
            <results>
              <test-case description="sends a PUT with the DNS address array and returns the API error object" name="Set-DMdnsServer.sends a PUT with the DNS address array and returns the API error object" time="0.0548" asserts="0" success="True" result="Success" executed="True" />
              <test-case description="throws on an invalid IP address" name="Set-DMdnsServer.throws on an invalid IP address" time="0.041" asserts="0" success="True" result="Success" executed="True" />
              <test-case description="throws a descriptive error when the update fails" name="Set-DMdnsServer.throws a descriptive error when the update fails" time="0.0181" asserts="0" success="True" result="Success" executed="True" />
            </results>
          </test-suite>
        </results>
      </test-suite>
      <test-suite type="TestFixture" name="C:\Users\joaor\OneDrive\Documentos\Scripts\Tests\Unit\Public\Enable-DMPerformanceMonitoring.Tests.ps1" executed="True" result="Success" success="True" time="0.1321" asserts="0" description="C:\Users\joaor\OneDrive\Documentos\Scripts\Tests\Unit\Public\Enable-DMPerformanceMonitoring.Tests.ps1">
        <results>
          <test-suite type="TestFixture" name="Enable-DMPerformanceMonitoring" executed="True" result="Success" success="True" time="0.0415" asserts="0" description="Enable-DMPerformanceMonitoring">
            <results>
              <test-case description="PUTs performance_statistic_switch with CMO_PERFORMANCE_SWITCH = 1" name="Enable-DMPerformanceMonitoring.PUTs performance_statistic_switch with CMO_PERFORMANCE_SWITCH = 1" time="0.0279" asserts="0" success="True" result="Success" executed="True" />
              <test-case description="does not call Invoke-DeviceManager under -WhatIf" name="Enable-DMPerformanceMonitoring.does not call Invoke-DeviceManager under -WhatIf" time="0.0093" asserts="0" success="True" result="Success" executed="True" />
            </results>
          </test-suite>
        </results>
      </test-suite>
      <test-suite type="TestFixture" name="C:\Users\joaor\OneDrive\Documentos\Scripts\Tests\Unit\Public\Export-functions.Tests.ps1" executed="True" result="Success" success="True" time="2.325" asserts="0" description="C:\Users\joaor\OneDrive\Documentos\Scripts\Tests\Unit\Public\Export-functions.Tests.ps1">
        <results>
          <test-suite type="TestFixture" name="Public export functions" executed="True" result="Success" success="True" time="2.1768" asserts="0" description="Public export functions">
            <results>
              <test-case description="creates a storage export for the requested hostname" name="Public export functions.creates a storage export for the requested hostname" time="0.0716" asserts="0" success="True" result="Success" executed="True" />
              <test-case description="exports inventory rows from a supplied storage object" name="Public export functions.exports inventory rows from a supplied storage object" time="0.1603" asserts="0" success="True" result="Success" executed="True" />
              <test-case description="retrieves storage by hostname before exporting inventory" name="Public export functions.retrieves storage by hostname before exporting inventory" time="0.1001" asserts="0" success="True" result="Success" executed="True" />
              <test-case description="exports all supported worksheets for a full version 6 storage report" name="Public export functions.exports all supported worksheets for a full version 6 storage report" time="0.4983" asserts="0" success="True" result="Success" executed="True" />
              <test-case description="exports only requested worksheets and selects the version 3 LUN template" name="Public export functions.exports only requested worksheets and selects the version 3 LUN template" time="0.086" asserts="0" success="True" result="Success" executed="True" />
              <test-case description="exports only system configuration worksheets when requested" name="Public export functions.exports only system configuration worksheets when requested" time="0.1055" asserts="0" success="True" result="Success" executed="True" />
              <test-case description="exports one worksheet per performance section with joined object names" name="Public export functions.exports one worksheet per performance section with joined object names" time="0.1955" asserts="0" success="True" result="Success" executed="True" />
              <test-case description="does not query performance wrappers when -IncludeObject full is used" name="Public export functions.does not query performance wrappers when -IncludeObject full is used" time="0.0767" asserts="0" success="True" result="Success" executed="True" />
              <test-case description="skips a capped performance section beyond the object cap but still exports uncapped and within-cap sections" name="Public export functions.skips a capped performance section beyond the object cap but still exports uncapped and within-cap sections" time="0.8151" asserts="0" success="True" result="Success" executed="True" />
              <test-case description="exports system performance without requiring a name join" name="Public export functions.exports system performance without requiring a name join" time="0.0609" asserts="0" success="True" result="Success" executed="True" />
            </results>
          </test-suite>
        </results>
      </test-suite>
      <test-suite type="TestFixture" name="C:\Users\joaor\OneDrive\Documentos\Scripts\Tests\Unit\Public\filesystem-snapshots.Tests.ps1" executed="True" result="Success" success="True" time="1.021" asserts="0" description="C:\Users\joaor\OneDrive\Documentos\Scripts\Tests\Unit\Public\filesystem-snapshots.Tests.ps1">
        <results>
          <test-suite type="TestFixture" name="File-system snapshot commands" executed="True" result="Success" success="True" time="0.7334" asserts="0" description="File-system snapshot commands">
            <results>
              <test-case description="creates a snapshot using the resolved file-system ID" name="File-system snapshot commands.creates a snapshot using the resolved file-system ID" time="0.1354" asserts="0" success="True" result="Success" executed="True" />
              <test-case description="generates a snapshot name when one is not supplied" name="File-system snapshot commands.generates a snapshot name when one is not supplied" time="0.0216" asserts="0" success="True" result="Success" executed="True" />
              <test-case description="rejects an invalid file-system name on create" name="File-system snapshot commands.rejects an invalid file-system name on create" time="0.0418" asserts="0" success="True" result="Success" executed="True" />
              <test-case description="gets file-system snapshots under the resolved parent ID" name="File-system snapshot commands.gets file-system snapshots under the resolved parent ID" time="0.0588" asserts="0" success="True" result="Success" executed="True" />
              <test-case description="gets a named file-system snapshot directly by its composite ID" name="File-system snapshot commands.gets a named file-system snapshot directly by its composite ID" time="0.044" asserts="0" success="True" result="Success" executed="True" />
              <test-case description="returns no file-system snapshots when the API contains no data property" name="File-system snapshot commands.returns no file-system snapshots when the API contains no data property" time="0.0477" asserts="0" success="True" result="Success" executed="True" />
              <test-case description="falls back to the legacy parent query when the filter lookup returns no data" name="File-system snapshot commands.falls back to the legacy parent query when the filter lookup returns no data" time="0.0451" asserts="0" success="True" result="Success" executed="True" />
              <test-case description="makes a single API call for lists regardless of how many snapshots exist" name="File-system snapshot commands.makes a single API call for lists regardless of how many snapshots exist" time="0.119" asserts="0" success="True" result="Success" executed="True" />
              <test-case description="deletes a selected file-system snapshot by ID" name="File-system snapshot commands.deletes a selected file-system snapshot by ID" time="0.0857" asserts="0" success="True" result="Success" executed="True" />
              <test-case description="restores a selected file-system snapshot through rollback" name="File-system snapshot commands.restores a selected file-system snapshot through rollback" time="0.062" asserts="0" success="True" result="Success" executed="True" />
              <test-suite type="ParameterizedTest" name="File-system snapshot commands.&lt;Command&gt; respects WhatIf" executed="True" result="Success" success="True" time="0.0687" asserts="0" description="&lt;Command&gt; respects WhatIf">
                <results>
                  <test-case description="Remove-DMFileSystemSnapshot respects WhatIf" name="File-system snapshot commands.Remove-DMFileSystemSnapshot respects WhatIf" time="0.0478" asserts="0" success="True" result="Success" executed="True" />
                  <test-case description="Restore-DMFileSystemSnapshot respects WhatIf" name="File-system snapshot commands.Restore-DMFileSystemSnapshot respects WhatIf" time="0.0209" asserts="0" success="True" result="Success" executed="True" />
                </results>
              </test-suite>
            </results>
          </test-suite>
        </results>
      </test-suite>
      <test-suite type="TestFixture" name="C:\Users\joaor\OneDrive\Documentos\Scripts\Tests\Unit\Public\Get-Disks.Tests.ps1" executed="True" result="Success" success="True" time="2.4452" asserts="0" description="C:\Users\joaor\OneDrive\Documentos\Scripts\Tests\Unit\Public\Get-Disks.Tests.ps1">
        <results>
          <test-suite type="TestFixture" name="Public getter functions" executed="True" result="Success" success="True" time="0.6699" asserts="0" description="Public getter functions">
            <results>
              <test-suite type="TestFixture" name="Public getter functions.Disk getter functions" executed="True" result="Success" success="True" time="0.5109" asserts="0" description="Public getter functions.Disk getter functions">
[...]
              <test-case description="rejects LUN reduction" name="Set-DMLun.rejects LUN reduction" time="0.0172" asserts="0" success="True" result="Success" executed="True" />
              <test-case description="rejects non-V6 sessions" name="Set-DMLun.rejects non-V6 sessions" time="0.0213" asserts="0" success="True" result="Success" executed="True" />
              <test-case description="rejects reserved raw API fields" name="Set-DMLun.rejects reserved raw API fields" time="0.014" asserts="0" success="True" result="Success" executed="True" />
              <test-case description="throws immediately (before touching any LUN) when no change parameter is specified" name="Set-DMLun.throws immediately (before touching any LUN) when no change parameter is specified" time="0.0491" asserts="0" success="True" result="Success" executed="True" />
              <test-case description="does not modify a LUN under WhatIf" name="Set-DMLun.does not modify a LUN under WhatIf" time="0.034" asserts="0" success="True" result="Success" executed="True" />
              <test-case description="modifies every LUN piped in, not just the last one" name="Set-DMLun.modifies every LUN piped in, not just the last one" time="0.0329" asserts="0" success="True" result="Success" executed="True" />
              <test-case description="continues processing remaining piped LUNs after one fails to resolve" name="Set-DMLun.continues processing remaining piped LUNs after one fails to resolve" time="0.0453" asserts="0" success="True" result="Success" executed="True" />
              <test-case description="rejects supplying both LunName and LunId" name="Set-DMLun.rejects supplying both LunName and LunId" time="0.0407" asserts="0" success="True" result="Success" executed="True" />
            </results>
          </test-suite>
          <test-suite type="TestFixture" name="Set-DMFileSystem" executed="True" result="Success" success="True" time="0.7967" asserts="0" description="Set-DMFileSystem">
            <results>
              <test-case description="renames and resizes a file system in one request" name="Set-DMFileSystem.renames and resizes a file system in one request" time="0.0883" asserts="0" success="True" result="Success" executed="True" />
              <test-case description="allows a file-system reduction for array-side validation" name="Set-DMFileSystem.allows a file-system reduction for array-side validation" time="0.0139" asserts="0" success="True" result="Success" executed="True" />
              <test-case description="passes additional file-system API fields unchanged" name="Set-DMFileSystem.passes additional file-system API fields unchanged" time="0.0367" asserts="0" success="True" result="Success" executed="True" />
              <test-case description="reports a non-terminating error for an unchanged file-system capacity" name="Set-DMFileSystem.reports a non-terminating error for an unchanged file-system capacity" time="0.0286" asserts="0" success="True" result="Success" executed="True" />
              <test-case description="reports a non-terminating error for a duplicate new file-system name" name="Set-DMFileSystem.reports a non-terminating error for a duplicate new file-system name" time="0.0171" asserts="0" success="True" result="Success" executed="True" />
              <test-case description="modifies every file system piped in, not just the last one" name="Set-DMFileSystem.modifies every file system piped in, not just the last one" time="0.0557" asserts="0" success="True" result="Success" executed="True" />
              <test-case description="does not modify a file system under WhatIf" name="Set-DMFileSystem.does not modify a file system under WhatIf" time="0.0142" asserts="0" success="True" result="Success" executed="True" />
            </results>
          </test-suite>
        </results>
      </test-suite>
      <test-suite type="TestFixture" name="C:\Users\joaor\OneDrive\Documentos\Scripts\Tests\Unit\Public\Set-SystemConfiguration.Tests.ps1" executed="True" result="Success" success="True" time="1.767" asserts="0" description="C:\Users\joaor\OneDrive\Documentos\Scripts\Tests\Unit\Public\Set-SystemConfiguration.Tests.ps1">
        <results>
          <test-suite type="TestFixture" name="System configuration mutation functions" executed="True" result="Success" success="True" time="0.5569" asserts="0" description="System configuration mutation functions">
            <results>
              <test-case description="sets NTP server configuration" name="System configuration mutation functions.sets NTP server configuration" time="0.0901" asserts="0" success="True" result="Success" executed="True" />
              <test-case description="tests an NTP server address" name="System configuration mutation functions.tests an NTP server address" time="0.0255" asserts="0" success="True" result="Success" executed="True" />
              <test-case description="accepts FQDN and IPv6 server addresses and rejects malformed addresses" name="System configuration mutation functions.accepts FQDN and IPv6 server addresses and rejects malformed addresses" time="0.0429" asserts="0" success="True" result="Success" executed="True" />
              <test-case description="creates an SNMP trap server" name="System configuration mutation functions.creates an SNMP trap server" time="0.0298" asserts="0" success="True" result="Success" executed="True" />
              <test-case description="modifies an SNMP trap server with an encoded id" name="System configuration mutation functions.modifies an SNMP trap server with an encoded id" time="0.0159" asserts="0" success="True" result="Success" executed="True" />
              <test-case description="removes an SNMP trap server with an encoded id" name="System configuration mutation functions.removes an SNMP trap server with an encoded id" time="0.0163" asserts="0" success="True" result="Success" executed="True" />
              <test-case description="tests an SNMP trap server" name="System configuration mutation functions.tests an SNMP trap server" time="0.0228" asserts="0" success="True" result="Success" executed="True" />
              <test-case description="sets SNMP protocol, security, and community resources" name="System configuration mutation functions.sets SNMP protocol, security, and community resources" time="0.0441" asserts="0" success="True" result="Success" executed="True" />
              <test-case description="accepts SecureString values for SNMP community and USM passwords" name="System configuration mutation functions.accepts SecureString values for SNMP community and USM passwords" time="0.0484" asserts="0" success="True" result="Success" executed="True" />
              <test-case description="creates, modifies, and removes SNMP USM users" name="System configuration mutation functions.creates, modifies, and removes SNMP USM users" time="0.04" asserts="0" success="True" result="Success" executed="True" />
              <test-case description="sets syslog notification and manages syslog servers" name="System configuration mutation functions.sets syslog notification and manages syslog servers" time="0.0442" asserts="0" success="True" result="Success" executed="True" />
              <test-case description="creates, modifies, and removes local users" name="System configuration mutation functions.creates, modifies, and removes local users" time="0.0229" asserts="0" success="True" result="Success" executed="True" />
              <test-case description="accepts SecureString values for local user passwords" name="System configuration mutation functions.accepts SecureString values for local user passwords" time="0.0246" asserts="0" success="True" result="Success" executed="True" />
              <test-case description="runs local user action commands" name="System configuration mutation functions.runs local user action commands" time="0.0269" asserts="0" success="True" result="Success" executed="True" />
              <test-case description="creates, modifies, and removes roles" name="System configuration mutation functions.creates, modifies, and removes roles" time="0.0335" asserts="0" success="True" result="Success" executed="True" />
              <test-case description="does not call mutating APIs when WhatIf is used" name="System configuration mutation functions.does not call mutating APIs when WhatIf is used" time="0.0245" asserts="0" success="True" result="Success" executed="True" />
            </results>
          </test-suite>
        </results>
      </test-suite>
      <test-suite type="TestFixture" name="C:\Users\joaor\OneDrive\Documentos\Scripts\Tests\Unit\Public\snapshot-actions.Tests.ps1" executed="True" result="Success" success="True" time="1.0967" asserts="0" description="C:\Users\joaor\OneDrive\Documentos\Scripts\Tests\Unit\Public\snapshot-actions.Tests.ps1">
        <results>
          <test-suite type="TestFixture" name="Snapshot action functions" executed="True" result="Success" success="True" time="0.856" asserts="0" description="Snapshot action functions">
            <results>
              <test-case description="activates an existing snapshot" name="Snapshot action functions.activates an existing snapshot" time="0.119" asserts="0" success="True" result="Success" executed="True" />
              <test-case description="reactivates an existing snapshot" name="Snapshot action functions.reactivates an existing snapshot" time="0.0384" asserts="0" success="True" result="Success" executed="True" />
              <test-case description="expands an existing snapshot using sector capacity" name="Snapshot action functions.expands an existing snapshot using sector capacity" time="0.0346" asserts="0" success="True" result="Success" executed="True" />
              <test-case description="rolls back an existing snapshot using the selected speed" name="Snapshot action functions.rolls back an existing snapshot using the selected speed" time="0.0429" asserts="0" success="True" result="Success" executed="True" />
              <test-case description="rejects a zero snapshot expansion capacity" name="Snapshot action functions.rejects a zero snapshot expansion capacity" time="0.0362" asserts="0" success="True" result="Success" executed="True" />
              <test-case description="rejects an expansion capacity that is not greater than the existing snapshot capacity" name="Snapshot action functions.rejects an expansion capacity that is not greater than the existing snapshot capacity" time="0.0486" asserts="0" success="True" result="Success" executed="True" />
              <test-suite type="ParameterizedTest" name="Snapshot action functions.&lt;Command&gt; does not call the API when WhatIf is specified" executed="True" result="Success" success="True" time="0.073" asserts="0" description="&lt;Command&gt; does not call the API when WhatIf is specified">
                <results>
                  <test-case description="Enable-DMLunSnapshot does not call the API when WhatIf is specified" name="Snapshot action functions.Enable-DMLunSnapshot does not call the API when WhatIf is specified" time="0.0238" asserts="0" success="True" result="Success" executed="True" />
                  <test-case description="Restart-DMLunSnapshot does not call the API when WhatIf is specified" name="Snapshot action functions.Restart-DMLunSnapshot does not call the API when WhatIf is specified" time="0.0171" asserts="0" success="True" result="Success" executed="True" />
                  <test-case description="Resize-DMLunSnapshot does not call the API when WhatIf is specified" name="Snapshot action functions.Resize-DMLunSnapshot does not call the API when WhatIf is specified" time="0.0195" asserts="0" success="True" result="Success" executed="True" />
                  <test-case description="Restore-DMLunSnapshot does not call the API when WhatIf is specified" name="Snapshot action functions.Restore-DMLunSnapshot does not call the API when WhatIf is specified" time="0.0126" asserts="0" success="True" result="Success" executed="True" />
                </results>
              </test-suite>
              <test-suite type="ParameterizedTest" name="Snapshot action functions.&lt;Command&gt; rejects a snapshot name that does not exist" executed="True" result="Success" success="True" time="0.1128" asserts="0" description="&lt;Command&gt; rejects a snapshot name that does not exist">
                <results>
                  <test-case description="Enable-DMLunSnapshot rejects a snapshot name that does not exist" name="Snapshot action functions.Enable-DMLunSnapshot rejects a snapshot name that does not exist" time="0.0646" asserts="0" success="True" result="Success" executed="True" />
                  <test-case description="Restart-DMLunSnapshot rejects a snapshot name that does not exist" name="Snapshot action functions.Restart-DMLunSnapshot rejects a snapshot name that does not exist" time="0.0129" asserts="0" success="True" result="Success" executed="True" />
                  <test-case description="Resize-DMLunSnapshot rejects a snapshot name that does not exist" name="Snapshot action functions.Resize-DMLunSnapshot rejects a snapshot name that does not exist" time="0.0175" asserts="0" success="True" result="Success" executed="True" />
                  <test-case description="Restore-DMLunSnapshot rejects a snapshot name that does not exist" name="Snapshot action functions.Restore-DMLunSnapshot rejects a snapshot name that does not exist" time="0.0178" asserts="0" success="True" result="Success" executed="True" />
                </results>
              </test-suite>
              <test-suite type="ParameterizedTest" name="Snapshot action functions.&lt;Command&gt; resolves an existing snapshot by Id" executed="True" result="Success" success="True" time="0.0797" asserts="0" description="&lt;Command&gt; resolves an existing snapshot by Id">
                <results>
                  <test-case description="Enable-DMLunSnapshot resolves an existing snapshot by Id" name="Snapshot action functions.Enable-DMLunSnapshot resolves an existing snapshot by Id" time="0.0259" asserts="0" success="True" result="Success" executed="True" />
                  <test-case description="Restart-DMLunSnapshot resolves an existing snapshot by Id" name="Snapshot action functions.Restart-DMLunSnapshot resolves an existing snapshot by Id" time="0.0108" asserts="0" success="True" result="Success" executed="True" />
                  <test-case description="Resize-DMLunSnapshot resolves an existing snapshot by Id" name="Snapshot action functions.Resize-DMLunSnapshot resolves an existing snapshot by Id" time="0.0276" asserts="0" success="True" result="Success" executed="True" />
                  <test-case description="Restore-DMLunSnapshot resolves an existing snapshot by Id" name="Snapshot action functions.Restore-DMLunSnapshot resolves an existing snapshot by Id" time="0.0155" asserts="0" success="True" result="Success" executed="True" />
                </results>
              </test-suite>
              <test-suite type="ParameterizedTest" name="Snapshot action functions.&lt;Command&gt; rejects a snapshot Id that does not exist" executed="True" result="Success" success="True" time="0.103" asserts="0" description="&lt;Command&gt; rejects a snapshot Id that does not exist">
                <results>
                  <test-case description="Enable-DMLunSnapshot rejects a snapshot Id that does not exist" name="Snapshot action functions.Enable-DMLunSnapshot rejects a snapshot Id that does not exist" time="0.0473" asserts="0" success="True" result="Success" executed="True" />
                  <test-case description="Restart-DMLunSnapshot rejects a snapshot Id that does not exist" name="Snapshot action functions.Restart-DMLunSnapshot rejects a snapshot Id that does not exist" time="0.0187" asserts="0" success="True" result="Success" executed="True" />
                  <test-case description="Resize-DMLunSnapshot rejects a snapshot Id that does not exist" name="Snapshot action functions.Resize-DMLunSnapshot rejects a snapshot Id that does not exist" time="0.0155" asserts="0" success="True" result="Success" executed="True" />
                  <test-case description="Restore-DMLunSnapshot rejects a snapshot Id that does not exist" name="Snapshot action functions.Restore-DMLunSnapshot rejects a snapshot Id that does not exist" time="0.0216" asserts="0" success="True" result="Success" executed="True" />
                </results>
              </test-suite>
              <test-suite type="ParameterizedTest" name="Snapshot action functions.&lt;Command&gt; rejects supplying both SnapShotName and SnapShotId" executed="True" result="Success" success="True" time="0.0951" asserts="0" description="&lt;Command&gt; rejects supplying both SnapShotName and SnapShotId">
                <results>
                  <test-case description="Enable-DMLunSnapshot rejects supplying both SnapShotName and SnapShotId" name="Snapshot action functions.Enable-DMLunSnapshot rejects supplying both SnapShotName and SnapShotId" time="0.0505" asserts="0" success="True" result="Success" executed="True" />
                  <test-case description="Restart-DMLunSnapshot rejects supplying both SnapShotName and SnapShotId" name="Snapshot action functions.Restart-DMLunSnapshot rejects supplying both SnapShotName and SnapShotId" time="0.0155" asserts="0" success="True" result="Success" executed="True" />
                  <test-case description="Resize-DMLunSnapshot rejects supplying both SnapShotName and SnapShotId" name="Snapshot action functions.Resize-DMLunSnapshot rejects supplying both SnapShotName and SnapShotId" time="0.0125" asserts="0" success="True" result="Success" executed="True" />
                  <test-case description="Restore-DMLunSnapshot rejects supplying both SnapShotName and SnapShotId" name="Snapshot action functions.Restore-DMLunSnapshot rejects supplying both SnapShotName and SnapShotId" time="0.0166" asserts="0" success="True" result="Success" executed="True" />
                </results>
              </test-suite>
              <test-suite type="ParameterizedTest" name="Snapshot action functions.&lt;Command&gt; accepts a snapshot from the pipeline by property Id" executed="True" result="Success" success="True" time="0.0683" asserts="0" description="&lt;Command&gt; accepts a snapshot from the pipeline by property Id">
                <results>
                  <test-case description="Enable-DMLunSnapshot accepts a snapshot from the pipeline by property Id" name="Snapshot action functions.Enable-DMLunSnapshot accepts a snapshot from the pipeline by property Id" time="0.0171" asserts="0" success="True" result="Success" executed="True" />
                  <test-case description="Restart-DMLunSnapshot accepts a snapshot from the pipeline by property Id" name="Snapshot action functions.Restart-DMLunSnapshot accepts a snapshot from the pipeline by property Id" time="0.0191" asserts="0" success="True" result="Success" executed="True" />
                  <test-case description="Resize-DMLunSnapshot accepts a snapshot from the pipeline by property Id" name="Snapshot action functions.Resize-DMLunSnapshot accepts a snapshot from the pipeline by property Id" time="0.0183" asserts="0" success="True" result="Success" executed="True" />
                  <test-case description="Restore-DMLunSnapshot accepts a snapshot from the pipeline by property Id" name="Snapshot action functions.Restore-DMLunSnapshot accepts a snapshot from the pipeline by property Id" time="0.0137" asserts="0" success="True" result="Success" executed="True" />
                </results>
              </test-suite>
            </results>
          </test-suite>
        </results>
      </test-suite>
    </results>
  </test-suite>
</test-results>